<?xml version="1.0" encoding="UTF-8"?>
<testsuite name="com.tallerapp.core.util.DineroTest" tests="4" skipped="0" failures="0" errors="0" timestamp="2026-08-09T17:07:50.283Z" hostname="PC-BLANCA" time="0.03">
  <properties/>
  <testcase name="formatea centavos con separador de miles y dos decimales" classname="com.tallerapp.core.util.DineroTest" time="0.023"/>
  <testcase name="parsea pesos con coma a centavos" classname="com.tallerapp.core.util.DineroTest" time="0.005"/>
  <testcase name="parsea pesos con punto a centavos" classname="com.tallerapp.core.util.DineroTest" time="0.0"/>
  <testcase name="rechaza texto vacio o invalido o negativo" classname="com.tallerapp.core.util.DineroTest" time="0.001"/>
  <system-out><![CDATA[]]></system-out>
  <system-err><![CDATA[]]></system-err>
</testsuite>
